2026-04-02 09:38:56,566 [INFO] Activator:176 - 


2026-04-02 09:38:56,576 [INFO] Activator:177 - !SESSION log4j initialized
2026-04-02 09:39:06,007 [INFO] LogOutputStream:77 - [STDOUT_REDIRECT] 
2026-04-02 09:39:09,408 [INFO] ApplicationProperties:184 - Using Application install path: C:\ST\STM32CubeIDE_1.19.0\STM32CubeIDE\plugins\com.st.stm32cube.common.mx_6.15.0.202507011659
2026-04-02 09:39:09,444 [INFO] DbMcusXml:78 - Set database path to: C:\ST\STM32CubeIDE_1.19.0\STM32CubeIDE\plugins\com.st.stm32cube.common.mx_6.15.0.202507011659\\db\/mcu/
2026-04-02 09:39:09,444 [INFO] ApiDb:274 - Set plugin database path to: C:\ST\STM32CubeIDE_1.19.0\STM32CubeIDE\plugins\com.st.stm32cube.common.mx_6.15.0.202507011659\\db\/plugins/boardmanager/
2026-04-02 09:39:09,445 [WARN] ApiDb:259 - Overriding images path with different value:  => C:\ST\STM32CubeIDE_1.19.0\STM32CubeIDE\plugins\com.st.stm32cube.common.mx_6.15.0.202507011659\\db\/plugins/mcufinder/images/
2026-04-02 09:39:09,457 [INFO] ApiDb:250 - Set database path to: C:\Users\wangh\.stmcufinder\plugins\mcufinder//mcu/
2026-04-02 09:39:09,459 [INFO] DbMcusAds:125 - Set database path to: C:\Users\wangh\.stmcufinder\plugins\mcufinder//mcu/
2026-04-02 09:39:09,464 [INFO] CrossReferenceDbSqlite:203 - Set database path to: C:\Users\wangh\.stmcufinder\plugins\mcufinder//mcu/cs/
2026-04-02 09:39:09,642 [INFO] RulesReader:64 - Compatibility file has been processed (317 Rules)
2026-04-02 09:39:09,923 [INFO] DbMcusXml:78 - Set database path to: C:\ST\STM32CubeIDE_1.19.0\STM32CubeIDE\plugins\com.st.stm32cube.common.mx_6.15.0.202507011659\\db\/mcu/
2026-04-02 09:39:09,923 [INFO] ApiDb:274 - Set plugin database path to: C:\ST\STM32CubeIDE_1.19.0\STM32CubeIDE\plugins\com.st.stm32cube.common.mx_6.15.0.202507011659\\db\/plugins/boardmanager/
2026-04-02 09:39:09,923 [INFO] ApiDb:261 - Set plugin images path to: C:\ST\STM32CubeIDE_1.19.0\STM32CubeIDE\plugins\com.st.stm32cube.common.mx_6.15.0.202507011659\\db\/plugins/mcufinder/images/
2026-04-02 09:39:09,924 [WARN] DbFile:41 - Overriding database path with different value: C:\Users\wangh\.stmcufinder\plugins\mcufinder/ => C:\Users\wangh\.stmcufinder\plugins\mcufinder
2026-04-02 09:39:09,924 [INFO] ApiDb:250 - Set database path to: C:\Users\wangh\.stmcufinder\plugins\mcufinder//mcu/
2026-04-02 09:39:09,924 [WARN] DbFile:41 - Overriding database path with different value: C:\Users\wangh\.stmcufinder\plugins\mcufinder/ => C:\Users\wangh\.stmcufinder\plugins\mcufinder
2026-04-02 09:39:09,924 [INFO] DbMcusAds:125 - Set database path to: C:\Users\wangh\.stmcufinder\plugins\mcufinder//mcu/
2026-04-02 09:39:09,924 [WARN] DbFile:41 - Overriding database path with different value: C:\Users\wangh\.stmcufinder\plugins\mcufinder/ => C:\Users\wangh\.stmcufinder\plugins\mcufinder
2026-04-02 09:39:09,924 [WARN] DbFile:41 - Overriding database path with different value: C:\Users\wangh\.stmcufinder\plugins\mcufinder/ => C:\Users\wangh\.stmcufinder\plugins\mcufinder
2026-04-02 09:39:09,924 [INFO] CrossReferenceDbSqlite:203 - Set database path to: C:\Users\wangh\.stmcufinder\plugins\mcufinder//mcu/cs/
2026-04-02 09:39:10,036 [INFO] MainPanel:274 - HeapMemory: 268435456
2026-04-02 09:39:10,170 [INFO] DbMcusXml:78 - Set database path to: C:\ST\STM32CubeIDE_1.19.0\STM32CubeIDE\plugins\com.st.stm32cube.common.mx_6.15.0.202507011659\\db\/mcu/
2026-04-02 09:39:10,171 [INFO] ApiDb:274 - Set plugin database path to: C:\ST\STM32CubeIDE_1.19.0\STM32CubeIDE\plugins\com.st.stm32cube.common.mx_6.15.0.202507011659\\db\/plugins/boardmanager/
2026-04-02 09:39:10,171 [INFO] ApiDb:261 - Set plugin images path to: C:\ST\STM32CubeIDE_1.19.0\STM32CubeIDE\plugins\com.st.stm32cube.common.mx_6.15.0.202507011659\\db\/plugins/mcufinder/images/
2026-04-02 09:39:10,171 [WARN] DbFile:41 - Overriding database path with different value: C:\Users\wangh\.stmcufinder\plugins\mcufinder/ => C:\Users\wangh\.stmcufinder\plugins\mcufinder
2026-04-02 09:39:10,171 [INFO] ApiDb:250 - Set database path to: C:\Users\wangh\.stmcufinder\plugins\mcufinder//mcu/
2026-04-02 09:39:10,171 [WARN] DbFile:41 - Overriding database path with different value: C:\Users\wangh\.stmcufinder\plugins\mcufinder/ => C:\Users\wangh\.stmcufinder\plugins\mcufinder
2026-04-02 09:39:10,172 [INFO] DbMcusAds:125 - Set database path to: C:\Users\wangh\.stmcufinder\plugins\mcufinder//mcu/
2026-04-02 09:39:10,172 [WARN] DbFile:41 - Overriding database path with different value: C:\Users\wangh\.stmcufinder\plugins\mcufinder/ => C:\Users\wangh\.stmcufinder\plugins\mcufinder
2026-04-02 09:39:10,172 [WARN] DbFile:41 - Overriding database path with different value: C:\Users\wangh\.stmcufinder\plugins\mcufinder/ => C:\Users\wangh\.stmcufinder\plugins\mcufinder
2026-04-02 09:39:10,172 [INFO] CrossReferenceDbSqlite:203 - Set database path to: C:\Users\wangh\.stmcufinder\plugins\mcufinder//mcu/cs/
2026-04-02 09:39:10,198 [INFO] ApplicationProperties:184 - Using Application install path: C:\ST\STM32CubeIDE_1.19.0\STM32CubeIDE\plugins\com.st.stm32cube.common.mx_6.15.0.202507011659
2026-04-02 09:39:10,200 [INFO] PluginManage:196 - Search for loadable plugins [exclusion list=, ]
2026-04-02 09:39:10,202 [INFO] PluginManage:310 - Check plugin analytics
2026-04-02 09:39:10,677 [INFO] AnalyticsPlugin:253 - Accepted Software Licenses: 
2026-04-02 09:39:10,678 [INFO] AnalyticsPlugin:255 - Accepted CMSIS Pack Licenses: STMicroelectronics.X-CUBE-BLE1.7.1.0,EdgeImpulse.ESLab_FinalProj.1.0.3
2026-04-02 09:39:10,678 [INFO] AnalyticsPlugin:257 - Accepted Firmware Licenses: FW.L4.1.18.0
2026-04-02 09:39:10,687 [INFO] PluginManage:359 - Loaded plugin analytics (category:tool,tabindex:-1)
2026-04-02 09:39:10,688 [INFO] PluginManage:310 - Check plugin cadmodel
2026-04-02 09:39:10,703 [INFO] CADModel:105 - Init CAD model plugin
2026-04-02 09:39:10,703 [INFO] PluginManage:359 - Loaded plugin cadmodel (category:power,tabindex:5)
2026-04-02 09:39:10,704 [INFO] PluginManage:310 - Check plugin clock
2026-04-02 09:39:10,735 [INFO] PluginManage:359 - Loaded plugin clock (category:base,tabindex:2)
2026-04-02 09:39:10,736 [INFO] PluginManage:310 - Check plugin ddr
2026-04-02 09:39:10,744 [INFO] PluginManage:359 - Loaded plugin ddr (category:tool,tabindex:6)
2026-04-02 09:39:10,746 [INFO] PluginManage:310 - Check plugin filemanager
2026-04-02 09:39:11,041 [INFO] PluginManage:359 - Loaded plugin filemanager (category:base,tabindex:10)
2026-04-02 09:39:11,041 [INFO] PluginManage:310 - Check plugin ipmanager
2026-04-02 09:39:11,090 [INFO] PluginManage:359 - Loaded plugin ipmanager (category:base,tabindex:5)
2026-04-02 09:39:11,090 [INFO] PluginManage:310 - Check plugin lpbam
2026-04-02 09:39:11,132 [INFO] PluginManage:359 - Loaded plugin lpbam (category:base,tabindex:0)
2026-04-02 09:39:11,132 [INFO] PluginManage:310 - Check plugin memorymap
2026-04-02 09:39:11,148 [INFO] PluginManage:359 - Loaded plugin memorymap (category:base,tabindex:4)
2026-04-02 09:39:11,148 [INFO] PluginManage:310 - Check plugin pinoutandconfiguration
2026-04-02 09:39:11,159 [INFO] PluginManage:359 - Loaded plugin pinoutandconfiguration (category:base,tabindex:1)
2026-04-02 09:39:11,159 [INFO] PluginManage:310 - Check plugin pinoutconfig
2026-04-02 09:39:11,263 [WARN] SupportedApi:132 - Cannot load RTOS API schema: s4s-elt-must-match.1: The content of 'definitions' must match (annotation?, (simpleType | complexType)?, (unique | key | keyref)*)). A problem was found starting at: attribute.
2026-04-02 09:39:11,414 [INFO] PluginManage:359 - Loaded plugin pinoutconfig (category:base,tabindex:0)
2026-04-02 09:39:11,414 [INFO] PluginManage:310 - Check plugin power
2026-04-02 09:39:11,424 [INFO] PluginManage:359 - Loaded plugin power (category:power,tabindex:4)
2026-04-02 09:39:11,424 [INFO] PluginManage:310 - Check plugin projectmanager
2026-04-02 09:39:11,444 [INFO] PluginManage:359 - Loaded plugin projectmanager (category:projectmanager,tabindex:4)
2026-04-02 09:39:11,444 [INFO] PluginManage:310 - Check plugin rif
2026-04-02 09:39:11,459 [INFO] PluginManage:359 - Loaded plugin rif (category:base,tabindex:3)
2026-04-02 09:39:11,460 [INFO] PluginManage:310 - Check plugin thirdparty
2026-04-02 09:39:11,666 [INFO] PluginManage:359 - Loaded plugin thirdparty (category:base,tabindex:-1)
2026-04-02 09:39:11,666 [WARN] IntegrityCheckThread:84 - waiting for thirdparty lock release [integrity check]
2026-04-02 09:39:11,666 [INFO] PluginManage:310 - Check plugin tools
2026-04-02 09:39:11,666 [INFO] IntegrityCheckThread:86 - entering critical section [integrity check]
2026-04-02 09:39:11,667 [INFO] ThirdPartyUpdaterWithRetryManager:70 - Updater plugin not ready yet. [1/15]
2026-04-02 09:39:11,670 [INFO] PluginManage:359 - Loaded plugin tools (category:base,tabindex:7)
2026-04-02 09:39:11,670 [INFO] PluginManage:310 - Check plugin tutovideos
2026-04-02 09:39:11,949 [INFO] PluginManage:359 - Loaded plugin tutovideos (category:base,tabindex:-1)
2026-04-02 09:39:11,950 [INFO] PluginManage:310 - Check plugin updater
2026-04-02 09:39:11,974 [INFO] PluginManage:359 - Loaded plugin updater (category:base,tabindex:12)
2026-04-02 09:39:11,975 [INFO] PluginManage:310 - Check plugin userauth
2026-04-02 09:39:11,979 [INFO] UserAuth:118 - Init User Auth plugin
2026-04-02 09:39:11,980 [INFO] PluginManage:359 - Loaded plugin userauth (category:base,tabindex:14)
2026-04-02 09:39:11,981 [INFO] PluginManage:283 - PluginManage : Loaded plugins [18]
2026-04-02 09:39:12,270 [INFO] PinOutPanel:1589 - setPackage(No Configuration,No Configuration)
2026-04-02 09:39:12,381 [INFO] CADModel:165 - CPN selected for project level
2026-04-02 09:39:12,381 [INFO] CADModel:114 - Register for checkConnection events
2026-04-02 09:39:12,407 [INFO] IPUIPlugin:80 - create IPUIPlugin
2026-04-02 09:39:12,407 [INFO] PluginManager:220 - loadIPPluginJar : add adc
2026-04-02 09:39:12,412 [INFO] IPUIPlugin:80 - create IPUIPlugin
2026-04-02 09:39:12,412 [INFO] PluginManager:220 - loadIPPluginJar : add aes
2026-04-02 09:39:12,416 [INFO] IPUIPlugin:80 - create IPUIPlugin
2026-04-02 09:39:12,416 [INFO] PluginManager:220 - loadIPPluginJar : add can
2026-04-02 09:39:12,419 [INFO] IPUIPlugin:80 - create IPUIPlugin
2026-04-02 09:39:12,419 [INFO] PluginManager:220 - loadIPPluginJar : add comp
2026-04-02 09:39:12,423 [INFO] IPUIPlugin:80 - create IPUIPlugin
2026-04-02 09:39:12,423 [INFO] PluginManager:220 - loadIPPluginJar : add cryp
2026-04-02 09:39:12,428 [INFO] IPUIPlugin:80 - create IPUIPlugin
2026-04-02 09:39:12,428 [INFO] PluginManager:220 - loadIPPluginJar : add ddr_ctrl_phy
2026-04-02 09:39:12,432 [INFO] IPUIPlugin:80 - create IPUIPlugin
2026-04-02 09:39:12,432 [INFO] PluginManager:220 - loadIPPluginJar : add dfsdm
2026-04-02 09:39:12,439 [INFO] IPUIPlugin:80 - create IPUIPlugin
2026-04-02 09:39:12,440 [INFO] PluginManager:220 - loadIPPluginJar : add dma
2026-04-02 09:39:12,444 [INFO] IPUIPlugin:80 - create IPUIPlugin
2026-04-02 09:39:12,444 [INFO] PluginManager:220 - loadIPPluginJar : add dma3
2026-04-02 09:39:12,448 [INFO] IPUIPlugin:80 - create IPUIPlugin
2026-04-02 09:39:12,448 [INFO] PluginManager:220 - loadIPPluginJar : add extmemmanager
2026-04-02 09:39:12,451 [INFO] IPUIPlugin:80 - create IPUIPlugin
2026-04-02 09:39:12,451 [INFO] PluginManager:220 - loadIPPluginJar : add fatfs
2026-04-02 09:39:12,457 [INFO] IPUIPlugin:80 - create IPUIPlugin
2026-04-02 09:39:12,457 [INFO] PluginManager:220 - loadIPPluginJar : add fmc
2026-04-02 09:39:12,466 [INFO] IPUIPlugin:80 - create IPUIPlugin
2026-04-02 09:39:12,466 [INFO] PluginManager:220 - loadIPPluginJar : add freertos
2026-04-02 09:39:12,469 [INFO] IPUIPlugin:80 - create IPUIPlugin
2026-04-02 09:39:12,469 [INFO] PluginManager:220 - loadIPPluginJar : add genericplugin
2026-04-02 09:39:12,472 [INFO] IPUIPlugin:80 - create IPUIPlugin
2026-04-02 09:39:12,472 [INFO] PluginManager:220 - loadIPPluginJar : add gfxmmu
2026-04-02 09:39:12,478 [INFO] IPUIPlugin:80 - create IPUIPlugin
2026-04-02 09:39:12,478 [INFO] PluginManager:220 - loadIPPluginJar : add gic
2026-04-02 09:39:12,483 [INFO] IPUIPlugin:80 - create IPUIPlugin
2026-04-02 09:39:12,483 [INFO] PluginManager:220 - loadIPPluginJar : add gpio
2026-04-02 09:39:12,486 [INFO] IPUIPlugin:80 - create IPUIPlugin
2026-04-02 09:39:12,487 [INFO] PluginManager:220 - loadIPPluginJar : add gtzc
2026-04-02 09:39:12,489 [INFO] IPUIPlugin:80 - create IPUIPlugin
2026-04-02 09:39:12,489 [INFO] PluginManager:220 - loadIPPluginJar : add hash
2026-04-02 09:39:12,492 [INFO] IPUIPlugin:80 - create IPUIPlugin
2026-04-02 09:39:12,492 [INFO] PluginManager:220 - loadIPPluginJar : add i2c
2026-04-02 09:39:12,497 [INFO] IPUIPlugin:80 - create IPUIPlugin
2026-04-02 09:39:12,498 [INFO] PluginManager:220 - loadIPPluginJar : add i2s
2026-04-02 09:39:12,501 [INFO] IPUIPlugin:80 - create IPUIPlugin
2026-04-02 09:39:12,501 [INFO] PluginManager:220 - loadIPPluginJar : add i3c
2026-04-02 09:39:12,506 [INFO] IPUIPlugin:80 - create IPUIPlugin
2026-04-02 09:39:12,506 [INFO] PluginManager:220 - loadIPPluginJar : add ipddr
2026-04-02 09:39:12,515 [INFO] IPUIPlugin:80 - create IPUIPlugin
2026-04-02 09:39:12,515 [INFO] PluginManager:220 - loadIPPluginJar : add linkedlist
2026-04-02 09:39:12,522 [INFO] IPUIPlugin:80 - create IPUIPlugin
2026-04-02 09:39:12,522 [INFO] PluginManager:220 - loadIPPluginJar : add lorawan
2026-04-02 09:39:12,524 [INFO] IPUIPlugin:80 - create IPUIPlugin
2026-04-02 09:39:12,524 [INFO] PluginManager:220 - loadIPPluginJar : add ltdc
2026-04-02 09:39:12,531 [INFO] IPUIPlugin:80 - create IPUIPlugin
2026-04-02 09:39:12,531 [INFO] PluginManager:220 - loadIPPluginJar : add mdma
2026-04-02 09:39:12,535 [INFO] IPUIPlugin:80 - create IPUIPlugin
2026-04-02 09:39:12,535 [INFO] PluginManager:220 - loadIPPluginJar : add nvic
2026-04-02 09:39:12,539 [INFO] IPUIPlugin:80 - create IPUIPlugin
2026-04-02 09:39:12,539 [INFO] PluginManager:220 - loadIPPluginJar : add opamp
2026-04-02 09:39:12,543 [INFO] IPUIPlugin:80 - create IPUIPlugin
2026-04-02 09:39:12,543 [INFO] PluginManager:220 - loadIPPluginJar : add openamp
2026-04-02 09:39:12,546 [INFO] IPUIPlugin:80 - create IPUIPlugin
2026-04-02 09:39:12,546 [INFO] PluginManager:220 - loadIPPluginJar : add pdm2pcm
2026-04-02 09:39:12,553 [INFO] IPUIPlugin:80 - create IPUIPlugin
2026-04-02 09:39:12,556 [INFO] PluginManager:220 - loadIPPluginJar : add plateformsettings
2026-04-02 09:39:12,559 [INFO] IPUIPlugin:80 - create IPUIPlugin
2026-04-02 09:39:12,559 [INFO] PluginManager:220 - loadIPPluginJar : add quadspi
2026-04-02 09:39:12,562 [INFO] IPUIPlugin:80 - create IPUIPlugin
2026-04-02 09:39:12,563 [INFO] PluginManager:220 - loadIPPluginJar : add radio
2026-04-02 09:39:12,572 [INFO] IPUIPlugin:80 - create IPUIPlugin
2026-04-02 09:39:12,572 [INFO] PluginManager:220 - loadIPPluginJar : add resmgrutility
2026-04-02 09:39:12,579 [INFO] IPUIPlugin:80 - create IPUIPlugin
2026-04-02 09:39:12,580 [INFO] PluginManager:220 - loadIPPluginJar : add sai
2026-04-02 09:39:12,587 [INFO] IPUIPlugin:80 - create IPUIPlugin
2026-04-02 09:39:12,587 [INFO] PluginManager:220 - loadIPPluginJar : add spi
2026-04-02 09:39:12,598 [INFO] IPUIPlugin:80 - create IPUIPlugin
2026-04-02 09:39:12,598 [INFO] PluginManager:220 - loadIPPluginJar : add stm32_wpan
2026-04-02 09:39:12,600 [INFO] IPUIPlugin:80 - create IPUIPlugin
2026-04-02 09:39:12,600 [INFO] PluginManager:220 - loadIPPluginJar : add tim
2026-04-02 09:39:12,604 [INFO] IPUIPlugin:80 - create IPUIPlugin
2026-04-02 09:39:12,604 [INFO] PluginManager:220 - loadIPPluginJar : add touchsensing
2026-04-02 09:39:12,609 [INFO] IPUIPlugin:80 - create IPUIPlugin
2026-04-02 09:39:12,609 [INFO] PluginManager:220 - loadIPPluginJar : add tracer_emb
2026-04-02 09:39:12,611 [INFO] IPUIPlugin:80 - create IPUIPlugin
2026-04-02 09:39:12,611 [INFO] PluginManager:220 - loadIPPluginJar : add ts
2026-04-02 09:39:12,613 [INFO] IPUIPlugin:80 - create IPUIPlugin
2026-04-02 09:39:12,613 [INFO] PluginManager:220 - loadIPPluginJar : add tsc
2026-04-02 09:39:12,615 [INFO] IPUIPlugin:80 - create IPUIPlugin
2026-04-02 09:39:12,615 [INFO] PluginManager:220 - loadIPPluginJar : add ucpd
2026-04-02 09:39:12,618 [INFO] IPUIPlugin:80 - create IPUIPlugin
2026-04-02 09:39:12,618 [INFO] PluginManager:220 - loadIPPluginJar : add usart
2026-04-02 09:39:12,622 [INFO] IPUIPlugin:80 - create IPUIPlugin
2026-04-02 09:39:12,622 [INFO] PluginManager:220 - loadIPPluginJar : add usbx
2026-04-02 09:39:12,754 [FATAL] Updater:351 - Updater called before beeing initialized
2026-04-02 09:39:12,786 [INFO] RulesReader:64 - Compatibility file has been processed (317 Rules)
2026-04-02 09:39:12,799 [INFO] RulesReader:64 - Compatibility file has been processed (317 Rules)
2026-04-02 09:39:12,814 [INFO] CADModel:165 - CPN selected for project level
2026-04-02 09:39:12,815 [INFO] CADModel:114 - Register for checkConnection events
2026-04-02 09:39:12,815 [FATAL] Updater:351 - Updater called before beeing initialized
2026-04-02 09:39:12,815 [ERROR] CADModel:125 - Updater not yet initialized, retry later 
2026-04-02 09:39:13,081 [FATAL] Updater:351 - Updater called before beeing initialized
2026-04-02 09:39:13,086 [INFO] CADModel:165 - CPN selected for project level
2026-04-02 09:39:13,087 [INFO] CADModel:114 - Register for checkConnection events
2026-04-02 09:39:13,087 [FATAL] Updater:351 - Updater called before beeing initialized
2026-04-02 09:39:13,087 [ERROR] CADModel:125 - Updater not yet initialized, retry later 
2026-04-02 09:39:13,094 [FATAL] Updater:351 - Updater called before beeing initialized
2026-04-02 09:39:13,343 [FATAL] Updater:351 - Updater called before beeing initialized
2026-04-02 09:39:13,349 [INFO] DbMcusAds:53 - JSON generation date=Thu Mar 05 22:32:52 GMT+08:00 2026 (1772721172890)
2026-04-02 09:39:13,350 [FATAL] Updater:351 - Updater called before beeing initialized
2026-04-02 09:39:13,421 [WARN] DetailPanel:346 - Failed to get advertising image, set to default
2026-04-02 09:39:13,531 [FATAL] Updater:351 - Updater called before beeing initialized
2026-04-02 09:39:13,533 [FATAL] Updater:351 - Updater called before beeing initialized
2026-04-02 09:39:13,533 [FATAL] Updater:351 - Updater called before beeing initialized
2026-04-02 09:39:13,534 [WARN] DetailPanel:346 - Failed to get advertising image, set to default
2026-04-02 09:39:13,535 [FATAL] Updater:351 - Updater called before beeing initialized
2026-04-02 09:39:13,592 [ERROR] Updater:1198 - MainUpdater not yet initialized. External WinMGr cannot be set.
2026-04-02 09:39:13,596 [INFO] Updater:1134 - Updater Version found : 6.15.0
2026-04-02 09:39:13,615 [INFO] ApplicationProperties:184 - Using Application install path: C:\ST\STM32CubeIDE_1.19.0\STM32CubeIDE\plugins\com.st.stm32cube.common.mx_6.15.0.202507011659
2026-04-02 09:39:14,290 [INFO] MainUpdater:2872 - connection check result : 10
2026-04-02 09:39:14,291 [INFO] MainUpdater:289 - Updater Check For Update Now.
2026-04-02 09:39:14,291 [INFO] MicroXplorer:498 - Change Database Version : DB.6.0.150
2026-04-02 09:39:14,301 [INFO] McuFinderGlobals:63 - Set McuFinder mode to 2 (CubeIDE integrated)
2026-04-02 09:39:14,302 [INFO] UserAuth:487 - Internet connection configuration mode: 1
2026-04-02 09:39:14,345 [INFO] JxBrowserEngine:152 - Initiate JxBrowser Engine with user profile folder
2026-04-02 09:39:14,475 [INFO] CheckServerUpdateThread:120 - End of CheckServer Thread
2026-04-02 09:39:15,547 [WARN] PackLoader:240 - Cannot read IP mode file for STMicroelectronics.X-CUBE-AZRTOS-H7.3.5.0
2026-04-02 09:39:15,564 [WARN] PackLoader:240 - Cannot read IP mode file for STMicroelectronics.FP-SNS-MOTENVWB1.1.4.0
2026-04-02 09:39:15,575 [WARN] PackLoader:240 - Cannot read IP mode file for STMicroelectronics.FP-ATR-ASTRA1.2.0.2
2026-04-02 09:39:15,592 [WARN] PackLoader:240 - Cannot read IP mode file for STMicroelectronics.X-CUBE-SMBUS.2.1.0
2026-04-02 09:39:15,601 [WARN] PackLoader:240 - Cannot read IP mode file for STMicroelectronics.X-CUBE-ST60.1.0.0
2026-04-02 09:39:15,634 [WARN] PackLoader:240 - Cannot read IP mode file for STMicroelectronics.X-CUBE-AZRTOS-F7.1.1.0
2026-04-02 09:39:15,652 [WARN] PackLoader:240 - Cannot read IP mode file for Cesanta.I-CUBE-Mongoose.7.19.0
2026-04-02 09:39:15,661 [WARN] PackLoader:240 - Cannot read IP mode file for STMicroelectronics.FP-SNS-MOTENV1.5.1.0
2026-04-02 09:39:15,679 [WARN] PackLoader:240 - Cannot read IP mode file for WES.I-CUBE-Cesium.1.4.0
2026-04-02 09:39:15,744 [WARN] PackLoader:240 - Cannot read IP mode file for Infineon.AIROC-Wi-Fi-Bluetooth-STM32.1.7.1
2026-04-02 09:39:15,788 [WARN] PackLoader:240 - Cannot read IP mode file for STMicroelectronics.X-CUBE-AZRTOS-H7.3.4.0
2026-04-02 09:39:15,806 [WARN] PackLoader:240 - Cannot read IP mode file for STMicroelectronics.X-CUBE-DISPLAY.3.0.0
2026-04-02 09:39:15,818 [WARN] PackLoader:240 - Cannot read IP mode file for STMicroelectronics.FP-SNS-MOTENVWB1.1.5.0
2026-04-02 09:39:15,832 [WARN] PackLoader:240 - Cannot read IP mode file for STMicroelectronics.X-CUBE-NFC10.1.0.0
2026-04-02 09:39:15,843 [WARN] PackLoader:240 - Cannot read IP mode file for STMicroelectronics.X-CUBE-ST60.1.1.0
2026-04-02 09:39:15,853 [WARN] PackLoader:240 - Cannot read IP mode file for emotas.I-CUBE-CANOPEN.1.3.0
2026-04-02 09:39:15,866 [WARN] PackLoader:240 - Cannot read IP mode file for STMicroelectronics.X-CUBE-GNSS1.7.1.0
2026-04-02 09:39:15,880 [WARN] PackLoader:240 - Cannot read IP mode file for STMicroelectronics.FP-SNS-STBOX1.2.1.0
2026-04-02 09:39:15,893 [WARN] PackLoader:240 - Cannot read IP mode file for STMicroelectronics.FP-SNS-SMARTAG2.1.2.0
2026-04-02 09:39:15,904 [WARN] PackLoader:240 - Cannot read IP mode file for STMicroelectronics.FP-SNS-FLIGHT1.5.1.0
2026-04-02 09:39:15,925 [INFO] LogOutputStream:77 - [STDOUT_REDIRECT] 1 : Invalid condition id : UX_CORESTACK_Condition cause : null
2026-04-02 09:39:15,928 [INFO] LogOutputStream:77 - [STDOUT_REDIRECT] 1 : Invalid condition id : UX_CORESTACK_Condition cause : null
2026-04-02 09:39:15,931 [INFO] LogOutputStream:77 - [STDOUT_REDIRECT] 1 : Invalid condition id : UX_CORESTACK_Condition cause : null
2026-04-02 09:39:15,936 [INFO] LogOutputStream:77 - [STDOUT_REDIRECT] 1 : Invalid condition id : UX_CORESTACK_Condition cause : null
2026-04-02 09:39:15,940 [INFO] LogOutputStream:77 - [STDOUT_REDIRECT] 1 : Invalid condition id : UX_CORESTACK_Condition cause : null
2026-04-02 09:39:15,947 [WARN] PackLoader:240 - Cannot read IP mode file for STMicroelectronics.X-CUBE-AZRTOS-WL.2.0.0
2026-04-02 09:39:15,958 [WARN] PackLoader:240 - Cannot read IP mode file for STMicroelectronics.FP-SNS-MOTENV1.5.0.0
2026-04-02 09:39:15,995 [WARN] PackLoader:240 - Cannot read IP mode file for STMicroelectronics.X-CUBE-AZRTOS-H7RS.1.2.0
2026-04-02 09:39:16,019 [WARN] PackLoader:240 - Cannot read IP mode file for STMicroelectronics.X-CUBE-BLE2.3.3.0
2026-04-02 09:39:16,087 [WARN] PackLoader:240 - Cannot read IP mode file for STMicroelectronics.X-CUBE-NFC9.1.0.0
2026-04-02 09:39:16,104 [WARN] PackLoader:240 - Cannot read IP mode file for wolfSSL.I-CUBE-wolfSSL.5.8.2
2026-04-02 09:39:16,123 [WARN] PackLoader:240 - Cannot read IP mode file for STMicroelectronics.X-CUBE-BLE1.7.1.0
2026-04-02 09:39:16,459 [WARN] PackLoader:240 - Cannot read IP mode file for wolfSSL.I-CUBE-wolfMQTT.1.19.2
2026-04-02 09:39:16,474 [WARN] PackLoader:240 - Cannot read IP mode file for STMicroelectronics.X-CUBE-FREERTOS.1.4.0
2026-04-02 09:39:16,493 [WARN] PackLoader:240 - Cannot read IP mode file for STMicroelectronics.X-CUBE-EEPRMA1.5.2.0
2026-04-02 09:39:16,512 [WARN] PackLoader:240 - Cannot read IP mode file for STMicroelectronics.X-CUBE-ST67W61.1.1.0
2026-04-02 09:39:16,602 [WARN] PackLoader:240 - Cannot read IP mode file for STMicroelectronics.X-CUBE-MEMS1.12.0.0
2026-04-02 09:39:16,842 [WARN] PackLoader:240 - Cannot read IP mode file for STMicroelectronics.X-CUBE-AZRTOS-G0.1.1.0
2026-04-02 09:39:16,859 [WARN] PackLoader:240 - Cannot read IP mode file for STMicroelectronics.X-CUBE-SAFEA1.1.2.2
2026-04-02 09:39:16,874 [WARN] PackLoader:240 - Cannot read IP mode file for STMicroelectronics.X-CUBE-NFC4.3.0.0
2026-04-02 09:39:16,890 [WARN] PackLoader:240 - Cannot read IP mode file for EmbeddedOffice.I-CUBE-FS-RTOS.1.0.1
2026-04-02 09:39:16,903 [WARN] PackLoader:240 - Cannot read IP mode file for STMicroelectronics.X-CUBE-WB05N.2.0.0
2026-04-02 09:39:16,913 [WARN] PackLoader:240 - Cannot read IP mode file for wolfSSL.I-CUBE-wolfTPM.3.8.0
2026-04-02 09:39:16,927 [WARN] PackLoader:240 - Cannot read IP mode file for STMicroelectronics.X-CUBE-TCPP.4.2.0
2026-04-02 09:39:16,942 [WARN] PackLoader:240 - Cannot read IP mode file for RealThread.X-CUBE-RT-Thread_Nano.4.1.1
2026-04-02 09:39:16,953 [WARN] PackLoader:240 - Cannot read IP mode file for STMicroelectronics.FP-ATR-SIGFOX1.3.2.0
2026-04-02 09:39:16,963 [WARN] PackLoader:240 - Cannot read IP mode file for STMicroelectronics.X-CUBE-FREERTOS.1.5.0
2026-04-02 09:39:16,976 [WARN] PackLoader:240 - Cannot read IP mode file for ITTIA_DB.I-CUBE-ITTIADB.8.9.0
2026-04-02 09:39:17,001 [WARN] PackLoader:240 - Cannot read IP mode file for STMicroelectronics.X-CUBE-NFC6.3.2.0
2026-04-02 09:39:17,037 [WARN] PackLoader:240 - Cannot read IP mode file for STMicroelectronics.X-CUBE-ST67W61.1.0.0
2026-04-02 09:39:17,049 [WARN] PackLoader:240 - Cannot read IP mode file for STMicroelectronics.X-CUBE-AI.10.2.0
2026-04-02 09:39:17,181 [WARN] PackLoader:240 - Cannot read IP mode file for SEGGER.I-CUBE-embOS.1.3.1
2026-04-02 09:39:17,301 [WARN] PackLoader:240 - Cannot read IP mode file for STMicroelectronics.X-CUBE-ALGOBUILD.1.4.0
2026-04-02 09:39:17,380 [WARN] PackLoader:240 - Cannot read IP mode file for STMicroelectronics.X-CUBE-MEMS1.11.3.0
2026-04-02 09:39:17,709 [WARN] PackLoader:240 - Cannot read IP mode file for STMicroelectronics.X-CUBE-PM33A1.1.0.0
2026-04-02 09:39:17,735 [WARN] PackLoader:240 - Cannot read IP mode file for STMicroelectronics.X-CUBE-AZRTOS-F4.1.1.0
2026-04-02 09:39:17,747 [WARN] PackLoader:240 - Cannot read IP mode file for STMicroelectronics.X-CUBE-ISPU.2.1.0
2026-04-02 09:39:17,769 [WARN] PackLoader:240 - Cannot read IP mode file for STMicroelectronics.X-CUBE-IPS.3.2.0
2026-04-02 09:39:17,793 [WARN] PackLoader:240 - Cannot read IP mode file for STMicroelectronics.X-CUBE-NFC12.1.0.0
2026-04-02 09:39:17,821 [WARN] PackLoader:240 - Cannot read IP mode file for STMicroelectronics.X-CUBE-AZRTOS-L5.2.0.0
2026-04-02 09:39:17,835 [WARN] PackLoader:240 - Cannot read IP mode file for STMicroelectronics.X-CUBE-NFC6.3.1.0
2026-04-02 09:39:17,847 [WARN] PackLoader:240 - Cannot read IP mode file for STMicroelectronics.X-CUBE-FREERTOS.1.3.1
2026-04-02 09:39:17,863 [WARN] PackLoader:240 - Cannot read IP mode file for STMicroelectronics.X-CUBE-TOUCHGFX.4.26.0
2026-04-02 09:39:17,869 [WARN] PackLoader:240 - Cannot read IP mode file for STMicroelectronics.X-CUBE-TOUCHGFX.4.26.1
2026-04-02 09:39:17,879 [WARN] PackLoader:240 - Cannot read IP mode file for STMicroelectronics.FP-SNS-STAIOTCFT.1.0.0
2026-04-02 09:39:17,897 [WARN] PackLoader:240 - Cannot read IP mode file for STMicroelectronics.X-CUBE-DPower.1.3.0
2026-04-02 09:39:17,920 [WARN] ConditionMgr:438 - getConditionDescription Invalid condition id : LAN8742 Phy interface Condition cause : null
2026-04-02 09:39:17,921 [WARN] PackLoader:240 - Cannot read IP mode file for STMicroelectronics.X-CUBE-AZRTOS-L4.2.0.0
2026-04-02 09:39:17,923 [WARN] ConditionMgr:1044 - genDependencies : Invalid condition id : LAN8742 Phy interface Condition cause : null
2026-04-02 09:39:17,923 [WARN] ConditionMgr:1044 - genDependencies : Invalid condition id : LAN8742 Phy interface Condition cause : null
2026-04-02 09:39:17,924 [WARN] ConditionMgr:1044 - genDependencies : Invalid condition id : LAN8742 Phy interface Condition cause : null
2026-04-02 09:39:17,936 [WARN] PackLoader:240 - Cannot read IP mode file for STMicroelectronics.X-CUBE-SFXS2LP1.4.0.0
2026-04-02 09:39:17,946 [WARN] PackLoader:240 - Cannot read IP mode file for STMicroelectronics.X-CUBE-ST67W61.1.2.0
2026-04-02 09:39:17,962 [WARN] PackLoader:240 - Cannot read IP mode file for STMicroelectronics.X-CUBE-BLEMGR.4.1.0
2026-04-02 09:39:17,982 [WARN] ConditionMgr:438 - getConditionDescription Invalid condition id : UX DEVICE CLASS RTOS Condition cause : null
2026-04-02 09:39:17,983 [WARN] ConditionMgr:438 - getConditionDescription Invalid condition id : UX DEVICE CLASS RTOS Condition cause : null
2026-04-02 09:39:17,986 [WARN] PackLoader:240 - Cannot read IP mode file for STMicroelectronics.X-CUBE-AZRTOS-WB.2.0.0
2026-04-02 09:39:17,987 [WARN] ConditionMgr:1044 - genDependencies : Invalid condition id : UX DEVICE CLASS RTOS Condition cause : null
2026-04-02 09:39:17,987 [WARN] ConditionMgr:1044 - genDependencies : Invalid condition id : UX DEVICE CLASS RTOS Condition cause : null
2026-04-02 09:39:17,988 [WARN] ConditionMgr:1044 - genDependencies : Invalid condition id : UX DEVICE CLASS RTOS Condition cause : null
2026-04-02 09:39:17,988 [WARN] ConditionMgr:1044 - genDependencies : Invalid condition id : UX DEVICE CLASS RTOS Condition cause : null
2026-04-02 09:39:17,989 [WARN] ConditionMgr:1044 - genDependencies : Invalid condition id : UX DEVICE CLASS RTOS Condition cause : null
2026-04-02 09:39:17,998 [WARN] PackLoader:240 - Cannot read IP mode file for STMicroelectronics.X-CUBE-GNSS1.7.0.1
2026-04-02 09:39:18,004 [WARN] PackLoader:240 - Cannot read IP mode file for STMicroelectronics.X-CUBE-TOUCHGFX.4.25.0
2026-04-02 09:39:18,012 [WARN] ConditionMgr:438 - getConditionDescription Invalid condition id : Cortex-A Device cause : null
2026-04-02 09:39:18,026 [WARN] ConditionMgr:1044 - genDependencies : Invalid condition id : Cortex-A Device cause : null
2026-04-02 09:39:18,027 [WARN] ConditionMgr:1044 - genDependencies : Invalid condition id : Cortex-A Device cause : null
2026-04-02 09:39:18,027 [WARN] ConditionMgr:1044 - genDependencies : Invalid condition id : Cortex-A Device cause : null
2026-04-02 09:39:18,041 [WARN] PackLoader:240 - Cannot read IP mode file for STMicroelectronics.X-CUBE-STSE01.2.0.0
2026-04-02 09:39:18,064 [WARN] PackLoader:240 - Cannot read IP mode file for STMicroelectronics.X-CUBE-SUBG2.5.0.0
2026-04-02 09:39:18,096 [WARN] PackLoader:240 - Cannot read IP mode file for STMicroelectronics.X-CUBE-AZRTOS-H7RS.1.1.0
2026-04-02 09:39:18,118 [WARN] PackLoader:240 - Cannot read IP mode file for STMicroelectronics.X-CUBE-AZRTOS-G4.2.0.0
2026-04-02 09:39:18,128 [WARN] PackLoader:240 - Cannot read IP mode file for wolfSSL.I-CUBE-wolfSSH.1.4.20
2026-04-02 09:39:18,136 [WARN] PackLoader:240 - Cannot read IP mode file for STMicroelectronics.X-CUBE-NFC7.2.0.0
2026-04-02 09:39:18,157 [WARN] PackLoader:240 - Cannot read IP mode file for STMicroelectronics.X-CUBE-IPS.3.1.0
2026-04-02 09:39:18,172 [WARN] PackLoader:240 - Cannot read IP mode file for STMicroelectronics.X-CUBE-ALS.1.0.2
2026-04-02 09:39:18,183 [WARN] PackLoader:240 - Cannot read IP mode file for STMicroelectronics.X-CUBE-STSE01.1.0.0
2026-04-02 09:39:18,204 [WARN] PackLoader:240 - Cannot read IP mode file for STMicroelectronics.X-CUBE-TOF1.3.4.3
2026-04-02 09:39:18,221 [INFO] ThirdParty:978 - Integrity check success = true
2026-04-02 09:39:18,221 [INFO] IntegrityCheckThread:100 - exiting critical section [integrity check]
2026-04-02 09:39:18,222 [INFO] IntegrityCheckThread:103 - End integrity checks thread
2026-04-02 09:39:18,995 [INFO] WebApp:169 - Instantiating new browser for Auth
2026-04-02 09:39:20,460 [INFO] WebApp:463 - Apply proxy settings
2026-04-02 09:39:20,460 [INFO] WebApp:548 - Chromium requires no authentication
2026-04-02 09:39:20,480 [INFO] WebApp:491 - Direct internet connection detected
2026-04-02 09:39:20,519 [INFO] WebApp:900 - Register for checkConnection events
2026-04-02 09:39:20,519 [INFO] WebApp:463 - Apply proxy settings
2026-04-02 09:39:20,520 [INFO] WebApp:548 - Chromium requires no authentication
2026-04-02 09:39:20,520 [INFO] WebApp:491 - Direct internet connection detected
2026-04-02 09:39:20,777 [INFO] WebApp:225 - Starting web application
2026-04-02 09:39:20,777 [INFO] WebApp:593 - Web application path used C:\ST\STM32CubeIDE_1.19.0\STM32CubeIDE\plugins\com.st.stm32cube.common.mx_6.15.0.202507011659\db\plugins\mcufinder\reactClient1\index.html
2026-04-02 09:39:20,893 [INFO] UserAuth:487 - Internet connection configuration mode: 1
2026-04-02 09:39:22,888 [INFO] WebApp:191 - Connection restablished
2026-04-02 10:20:11,714 [ERROR] LogOutputStream:75 - [STDERR_REDIRECT] 
2026-04-02 10:37:00,088 [INFO] Activator:176 - 


2026-04-02 10:37:00,092 [INFO] Activator:177 - !SESSION log4j initialized
2026-04-02 10:37:06,914 [INFO] LogOutputStream:77 - [STDOUT_REDIRECT] 
2026-04-02 10:37:08,324 [ERROR] ConfigurationRetriever:142 - IOException on connection: sw-center.st.com
2026-04-02 10:37:08,325 [ERROR] ConfigurationRetriever:142 - IOException on connection: sw-center.st.com
2026-04-02 10:37:08,326 [ERROR] ConfigurationRetriever:142 - IOException on connection: sw-center.st.com
2026-04-02 10:37:10,570 [INFO] ApplicationProperties:184 - Using Application install path: C:\ST\STM32CubeIDE_1.19.0\STM32CubeIDE\plugins\com.st.stm32cube.common.mx_6.15.0.202507011659
2026-04-02 10:37:10,588 [INFO] DbMcusXml:78 - Set database path to: C:\ST\STM32CubeIDE_1.19.0\STM32CubeIDE\plugins\com.st.stm32cube.common.mx_6.15.0.202507011659\\db\/mcu/
2026-04-02 10:37:10,589 [INFO] ApiDb:274 - Set plugin database path to: C:\ST\STM32CubeIDE_1.19.0\STM32CubeIDE\plugins\com.st.stm32cube.common.mx_6.15.0.202507011659\\db\/plugins/boardmanager/
2026-04-02 10:37:10,589 [WARN] ApiDb:259 - Overriding images path with different value:  => C:\ST\STM32CubeIDE_1.19.0\STM32CubeIDE\plugins\com.st.stm32cube.common.mx_6.15.0.202507011659\\db\/plugins/mcufinder/images/
2026-04-02 10:37:10,597 [INFO] ApiDb:250 - Set database path to: C:\Users\wangh\.stmcufinder\plugins\mcufinder//mcu/
2026-04-02 10:37:10,598 [INFO] DbMcusAds:125 - Set database path to: C:\Users\wangh\.stmcufinder\plugins\mcufinder//mcu/
2026-04-02 10:37:10,600 [INFO] CrossReferenceDbSqlite:203 - Set database path to: C:\Users\wangh\.stmcufinder\plugins\mcufinder//mcu/cs/
2026-04-02 10:37:10,716 [INFO] RulesReader:64 - Compatibility file has been processed (317 Rules)
2026-04-02 10:37:10,846 [INFO] DbMcusXml:78 - Set database path to: C:\ST\STM32CubeIDE_1.19.0\STM32CubeIDE\plugins\com.st.stm32cube.common.mx_6.15.0.202507011659\\db\/mcu/
2026-04-02 10:37:10,846 [INFO] ApiDb:274 - Set plugin database path to: C:\ST\STM32CubeIDE_1.19.0\STM32CubeIDE\plugins\com.st.stm32cube.common.mx_6.15.0.202507011659\\db\/plugins/boardmanager/
2026-04-02 10:37:10,846 [INFO] ApiDb:261 - Set plugin images path to: C:\ST\STM32CubeIDE_1.19.0\STM32CubeIDE\plugins\com.st.stm32cube.common.mx_6.15.0.202507011659\\db\/plugins/mcufinder/images/
2026-04-02 10:37:10,846 [WARN] DbFile:41 - Overriding database path with different value: C:\Users\wangh\.stmcufinder\plugins\mcufinder/ => C:\Users\wangh\.stmcufinder\plugins\mcufinder
2026-04-02 10:37:10,847 [INFO] ApiDb:250 - Set database path to: C:\Users\wangh\.stmcufinder\plugins\mcufinder//mcu/
2026-04-02 10:37:10,847 [WARN] DbFile:41 - Overriding database path with different value: C:\Users\wangh\.stmcufinder\plugins\mcufinder/ => C:\Users\wangh\.stmcufinder\plugins\mcufinder
2026-04-02 10:37:10,847 [INFO] DbMcusAds:125 - Set database path to: C:\Users\wangh\.stmcufinder\plugins\mcufinder//mcu/
2026-04-02 10:37:10,847 [WARN] DbFile:41 - Overriding database path with different value: C:\Users\wangh\.stmcufinder\plugins\mcufinder/ => C:\Users\wangh\.stmcufinder\plugins\mcufinder
2026-04-02 10:37:10,847 [WARN] DbFile:41 - Overriding database path with different value: C:\Users\wangh\.stmcufinder\plugins\mcufinder/ => C:\Users\wangh\.stmcufinder\plugins\mcufinder
2026-04-02 10:37:10,847 [INFO] CrossReferenceDbSqlite:203 - Set database path to: C:\Users\wangh\.stmcufinder\plugins\mcufinder//mcu/cs/
2026-04-02 10:37:10,987 [INFO] MainPanel:274 - HeapMemory: 268435456
2026-04-02 10:37:11,288 [INFO] DbMcusXml:78 - Set database path to: C:\ST\STM32CubeIDE_1.19.0\STM32CubeIDE\plugins\com.st.stm32cube.common.mx_6.15.0.202507011659\\db\/mcu/
2026-04-02 10:37:11,288 [INFO] ApiDb:274 - Set plugin database path to: C:\ST\STM32CubeIDE_1.19.0\STM32CubeIDE\plugins\com.st.stm32cube.common.mx_6.15.0.202507011659\\db\/plugins/boardmanager/
2026-04-02 10:37:11,288 [INFO] ApiDb:261 - Set plugin images path to: C:\ST\STM32CubeIDE_1.19.0\STM32CubeIDE\plugins\com.st.stm32cube.common.mx_6.15.0.202507011659\\db\/plugins/mcufinder/images/
2026-04-02 10:37:11,289 [WARN] DbFile:41 - Overriding database path with different value: C:\Users\wangh\.stmcufinder\plugins\mcufinder/ => C:\Users\wangh\.stmcufinder\plugins\mcufinder
2026-04-02 10:37:11,289 [INFO] ApiDb:250 - Set database path to: C:\Users\wangh\.stmcufinder\plugins\mcufinder//mcu/
2026-04-02 10:37:11,289 [WARN] DbFile:41 - Overriding database path with different value: C:\Users\wangh\.stmcufinder\plugins\mcufinder/ => C:\Users\wangh\.stmcufinder\plugins\mcufinder
2026-04-02 10:37:11,289 [INFO] DbMcusAds:125 - Set database path to: C:\Users\wangh\.stmcufinder\plugins\mcufinder//mcu/
2026-04-02 10:37:11,290 [WARN] DbFile:41 - Overriding database path with different value: C:\Users\wangh\.stmcufinder\plugins\mcufinder/ => C:\Users\wangh\.stmcufinder\plugins\mcufinder
2026-04-02 10:37:11,290 [WARN] DbFile:41 - Overriding database path with different value: C:\Users\wangh\.stmcufinder\plugins\mcufinder/ => C:\Users\wangh\.stmcufinder\plugins\mcufinder
2026-04-02 10:37:11,290 [INFO] CrossReferenceDbSqlite:203 - Set database path to: C:\Users\wangh\.stmcufinder\plugins\mcufinder//mcu/cs/
2026-04-02 10:37:11,320 [INFO] ApplicationProperties:184 - Using Application install path: C:\ST\STM32CubeIDE_1.19.0\STM32CubeIDE\plugins\com.st.stm32cube.common.mx_6.15.0.202507011659
2026-04-02 10:37:11,322 [INFO] PluginManage:196 - Search for loadable plugins [exclusion list=, ]
2026-04-02 10:37:11,324 [INFO] PluginManage:310 - Check plugin analytics
2026-04-02 10:37:11,638 [INFO] AnalyticsPlugin:253 - Accepted Software Licenses: 
2026-04-02 10:37:11,638 [INFO] AnalyticsPlugin:255 - Accepted CMSIS Pack Licenses: STMicroelectronics.X-CUBE-BLE1.7.1.0,EdgeImpulse.ESLab_FinalProj.1.0.3
2026-04-02 10:37:11,638 [INFO] AnalyticsPlugin:257 - Accepted Firmware Licenses: FW.L4.1.18.0
2026-04-02 10:37:11,645 [ERROR] ConfigurationRetriever:142 - IOException on connection: sw-center.st.com
2026-04-02 10:37:11,645 [ERROR] ConfigurationRetriever:142 - IOException on connection: sw-center.st.com
2026-04-02 10:37:11,647 [ERROR] ConfigurationRetriever:142 - IOException on connection: sw-center.st.com
2026-04-02 10:37:11,647 [INFO] PluginManage:359 - Loaded plugin analytics (category:tool,tabindex:-1)
2026-04-02 10:37:11,648 [INFO] PluginManage:310 - Check plugin cadmodel
2026-04-02 10:37:11,659 [INFO] CADModel:105 - Init CAD model plugin
2026-04-02 10:37:11,659 [INFO] PluginManage:359 - Loaded plugin cadmodel (category:power,tabindex:5)
2026-04-02 10:37:11,660 [INFO] PluginManage:310 - Check plugin clock
2026-04-02 10:37:11,676 [INFO] PluginManage:359 - Loaded plugin clock (category:base,tabindex:2)
2026-04-02 10:37:11,677 [INFO] PluginManage:310 - Check plugin ddr
2026-04-02 10:37:11,680 [INFO] PluginManage:359 - Loaded plugin ddr (category:tool,tabindex:6)
2026-04-02 10:37:11,681 [INFO] PluginManage:310 - Check plugin filemanager
2026-04-02 10:37:11,883 [INFO] PluginManage:359 - Loaded plugin filemanager (category:base,tabindex:10)
2026-04-02 10:37:11,884 [INFO] PluginManage:310 - Check plugin ipmanager
2026-04-02 10:37:11,894 [INFO] PluginManage:359 - Loaded plugin ipmanager (category:base,tabindex:5)
2026-04-02 10:37:11,894 [INFO] PluginManage:310 - Check plugin lpbam
2026-04-02 10:37:11,907 [INFO] PluginManage:359 - Loaded plugin lpbam (category:base,tabindex:0)
2026-04-02 10:37:11,907 [INFO] PluginManage:310 - Check plugin memorymap
2026-04-02 10:37:11,928 [INFO] PluginManage:359 - Loaded plugin memorymap (category:base,tabindex:4)
2026-04-02 10:37:11,928 [INFO] PluginManage:310 - Check plugin pinoutandconfiguration
2026-04-02 10:37:11,939 [INFO] PluginManage:359 - Loaded plugin pinoutandconfiguration (category:base,tabindex:1)
2026-04-02 10:37:11,939 [INFO] PluginManage:310 - Check plugin pinoutconfig
2026-04-02 10:37:12,049 [WARN] SupportedApi:132 - Cannot load RTOS API schema: s4s-elt-must-match.1: The content of 'definitions' must match (annotation?, (simpleType | complexType)?, (unique | key | keyref)*)). A problem was found starting at: attribute.
2026-04-02 10:37:12,240 [INFO] PluginManage:359 - Loaded plugin pinoutconfig (category:base,tabindex:0)
2026-04-02 10:37:12,240 [INFO] PluginManage:310 - Check plugin power
2026-04-02 10:37:12,256 [INFO] PluginManage:359 - Loaded plugin power (category:power,tabindex:4)
2026-04-02 10:37:12,256 [INFO] PluginManage:310 - Check plugin projectmanager
2026-04-02 10:37:12,283 [INFO] PluginManage:359 - Loaded plugin projectmanager (category:projectmanager,tabindex:4)
2026-04-02 10:37:12,283 [INFO] PluginManage:310 - Check plugin rif
2026-04-02 10:37:12,298 [INFO] PluginManage:359 - Loaded plugin rif (category:base,tabindex:3)
2026-04-02 10:37:12,298 [INFO] PluginManage:310 - Check plugin thirdparty
2026-04-02 10:37:12,526 [WARN] IntegrityCheckThread:84 - waiting for thirdparty lock release [integrity check]
2026-04-02 10:37:12,527 [INFO] IntegrityCheckThread:86 - entering critical section [integrity check]
2026-04-02 10:37:12,527 [INFO] PluginManage:359 - Loaded plugin thirdparty (category:base,tabindex:-1)
2026-04-02 10:37:12,527 [INFO] PluginManage:310 - Check plugin tools
2026-04-02 10:37:12,527 [INFO] ThirdPartyUpdaterWithRetryManager:70 - Updater plugin not ready yet. [1/15]
2026-04-02 10:37:12,530 [INFO] PluginManage:359 - Loaded plugin tools (category:base,tabindex:7)
2026-04-02 10:37:12,531 [INFO] PluginManage:310 - Check plugin tutovideos
2026-04-02 10:37:12,755 [INFO] PluginManage:359 - Loaded plugin tutovideos (category:base,tabindex:-1)
2026-04-02 10:37:12,755 [INFO] PluginManage:310 - Check plugin updater
2026-04-02 10:37:12,786 [INFO] PluginManage:359 - Loaded plugin updater (category:base,tabindex:12)
2026-04-02 10:37:12,786 [INFO] PluginManage:310 - Check plugin userauth
2026-04-02 10:37:12,790 [INFO] UserAuth:118 - Init User Auth plugin
2026-04-02 10:37:12,791 [INFO] PluginManage:359 - Loaded plugin userauth (category:base,tabindex:14)
2026-04-02 10:37:12,792 [INFO] PluginManage:283 - PluginManage : Loaded plugins [18]
2026-04-02 10:37:13,002 [INFO] PinOutPanel:1589 - setPackage(No Configuration,No Configuration)
2026-04-02 10:37:13,108 [INFO] CADModel:165 - CPN selected for project level
2026-04-02 10:37:13,108 [INFO] CADModel:114 - Register for checkConnection events
2026-04-02 10:37:13,128 [INFO] IPUIPlugin:80 - create IPUIPlugin
2026-04-02 10:37:13,128 [INFO] PluginManager:220 - loadIPPluginJar : add adc
2026-04-02 10:37:13,132 [INFO] IPUIPlugin:80 - create IPUIPlugin
2026-04-02 10:37:13,132 [INFO] PluginManager:220 - loadIPPluginJar : add aes
2026-04-02 10:37:13,136 [INFO] IPUIPlugin:80 - create IPUIPlugin
2026-04-02 10:37:13,136 [INFO] PluginManager:220 - loadIPPluginJar : add can
2026-04-02 10:37:13,138 [INFO] IPUIPlugin:80 - create IPUIPlugin
2026-04-02 10:37:13,139 [INFO] PluginManager:220 - loadIPPluginJar : add comp
2026-04-02 10:37:13,142 [INFO] IPUIPlugin:80 - create IPUIPlugin
2026-04-02 10:37:13,142 [INFO] PluginManager:220 - loadIPPluginJar : add cryp
2026-04-02 10:37:13,145 [INFO] IPUIPlugin:80 - create IPUIPlugin
2026-04-02 10:37:13,146 [INFO] PluginManager:220 - loadIPPluginJar : add ddr_ctrl_phy
2026-04-02 10:37:13,148 [INFO] IPUIPlugin:80 - create IPUIPlugin
2026-04-02 10:37:13,148 [INFO] PluginManager:220 - loadIPPluginJar : add dfsdm
2026-04-02 10:37:13,154 [INFO] IPUIPlugin:80 - create IPUIPlugin
2026-04-02 10:37:13,154 [INFO] PluginManager:220 - loadIPPluginJar : add dma
2026-04-02 10:37:13,158 [INFO] IPUIPlugin:80 - create IPUIPlugin
2026-04-02 10:37:13,158 [INFO] PluginManager:220 - loadIPPluginJar : add dma3
2026-04-02 10:37:13,162 [INFO] IPUIPlugin:80 - create IPUIPlugin
2026-04-02 10:37:13,162 [INFO] PluginManager:220 - loadIPPluginJar : add extmemmanager
2026-04-02 10:37:13,164 [INFO] IPUIPlugin:80 - create IPUIPlugin
2026-04-02 10:37:13,164 [INFO] PluginManager:220 - loadIPPluginJar : add fatfs
2026-04-02 10:37:13,170 [INFO] IPUIPlugin:80 - create IPUIPlugin
2026-04-02 10:37:13,170 [INFO] PluginManager:220 - loadIPPluginJar : add fmc
2026-04-02 10:37:13,177 [INFO] IPUIPlugin:80 - create IPUIPlugin
2026-04-02 10:37:13,178 [INFO] PluginManager:220 - loadIPPluginJar : add freertos
2026-04-02 10:37:13,179 [INFO] IPUIPlugin:80 - create IPUIPlugin
2026-04-02 10:37:13,179 [INFO] PluginManager:220 - loadIPPluginJar : add genericplugin
2026-04-02 10:37:13,181 [INFO] IPUIPlugin:80 - create IPUIPlugin
2026-04-02 10:37:13,181 [INFO] PluginManager:220 - loadIPPluginJar : add gfxmmu
2026-04-02 10:37:13,186 [INFO] IPUIPlugin:80 - create IPUIPlugin
2026-04-02 10:37:13,186 [INFO] PluginManager:220 - loadIPPluginJar : add gic
2026-04-02 10:37:13,191 [INFO] IPUIPlugin:80 - create IPUIPlugin
2026-04-02 10:37:13,191 [INFO] PluginManager:220 - loadIPPluginJar : add gpio
2026-04-02 10:37:13,194 [INFO] IPUIPlugin:80 - create IPUIPlugin
2026-04-02 10:37:13,195 [INFO] PluginManager:220 - loadIPPluginJar : add gtzc
2026-04-02 10:37:13,199 [INFO] IPUIPlugin:80 - create IPUIPlugin
2026-04-02 10:37:13,200 [INFO] PluginManager:220 - loadIPPluginJar : add hash
2026-04-02 10:37:13,203 [INFO] IPUIPlugin:80 - create IPUIPlugin
2026-04-02 10:37:13,203 [INFO] PluginManager:220 - loadIPPluginJar : add i2c
2026-04-02 10:37:13,206 [INFO] IPUIPlugin:80 - create IPUIPlugin
2026-04-02 10:37:13,206 [INFO] PluginManager:220 - loadIPPluginJar : add i2s
2026-04-02 10:37:13,211 [INFO] IPUIPlugin:80 - create IPUIPlugin
2026-04-02 10:37:13,213 [INFO] PluginManager:220 - loadIPPluginJar : add i3c
2026-04-02 10:37:13,217 [INFO] IPUIPlugin:80 - create IPUIPlugin
2026-04-02 10:37:13,217 [INFO] PluginManager:220 - loadIPPluginJar : add ipddr
2026-04-02 10:37:13,226 [INFO] IPUIPlugin:80 - create IPUIPlugin
2026-04-02 10:37:13,226 [INFO] PluginManager:220 - loadIPPluginJar : add linkedlist
2026-04-02 10:37:13,229 [INFO] IPUIPlugin:80 - create IPUIPlugin
2026-04-02 10:37:13,229 [INFO] PluginManager:220 - loadIPPluginJar : add lorawan
2026-04-02 10:37:13,231 [INFO] IPUIPlugin:80 - create IPUIPlugin
2026-04-02 10:37:13,231 [INFO] PluginManager:220 - loadIPPluginJar : add ltdc
2026-04-02 10:37:13,240 [INFO] IPUIPlugin:80 - create IPUIPlugin
2026-04-02 10:37:13,240 [INFO] PluginManager:220 - loadIPPluginJar : add mdma
2026-04-02 10:37:13,245 [INFO] IPUIPlugin:80 - create IPUIPlugin
2026-04-02 10:37:13,245 [INFO] PluginManager:220 - loadIPPluginJar : add nvic
2026-04-02 10:37:13,250 [INFO] IPUIPlugin:80 - create IPUIPlugin
2026-04-02 10:37:13,250 [INFO] PluginManager:220 - loadIPPluginJar : add opamp
2026-04-02 10:37:13,254 [INFO] IPUIPlugin:80 - create IPUIPlugin
2026-04-02 10:37:13,255 [INFO] PluginManager:220 - loadIPPluginJar : add openamp
2026-04-02 10:37:13,259 [INFO] IPUIPlugin:80 - create IPUIPlugin
2026-04-02 10:37:13,260 [INFO] PluginManager:220 - loadIPPluginJar : add pdm2pcm
2026-04-02 10:37:13,267 [INFO] IPUIPlugin:80 - create IPUIPlugin
2026-04-02 10:37:13,269 [INFO] PluginManager:220 - loadIPPluginJar : add plateformsettings
2026-04-02 10:37:13,271 [INFO] IPUIPlugin:80 - create IPUIPlugin
2026-04-02 10:37:13,271 [INFO] PluginManager:220 - loadIPPluginJar : add quadspi
2026-04-02 10:37:13,273 [INFO] IPUIPlugin:80 - create IPUIPlugin
2026-04-02 10:37:13,274 [INFO] PluginManager:220 - loadIPPluginJar : add radio
2026-04-02 10:37:13,279 [INFO] IPUIPlugin:80 - create IPUIPlugin
2026-04-02 10:37:13,279 [INFO] PluginManager:220 - loadIPPluginJar : add resmgrutility
2026-04-02 10:37:13,285 [INFO] IPUIPlugin:80 - create IPUIPlugin
2026-04-02 10:37:13,285 [INFO] PluginManager:220 - loadIPPluginJar : add sai
2026-04-02 10:37:13,290 [INFO] IPUIPlugin:80 - create IPUIPlugin
2026-04-02 10:37:13,290 [INFO] PluginManager:220 - loadIPPluginJar : add spi
2026-04-02 10:37:13,297 [INFO] IPUIPlugin:80 - create IPUIPlugin
2026-04-02 10:37:13,297 [INFO] PluginManager:220 - loadIPPluginJar : add stm32_wpan
2026-04-02 10:37:13,299 [INFO] IPUIPlugin:80 - create IPUIPlugin
2026-04-02 10:37:13,300 [INFO] PluginManager:220 - loadIPPluginJar : add tim
2026-04-02 10:37:13,303 [INFO] IPUIPlugin:80 - create IPUIPlugin
2026-04-02 10:37:13,303 [INFO] PluginManager:220 - loadIPPluginJar : add touchsensing
2026-04-02 10:37:13,306 [INFO] IPUIPlugin:80 - create IPUIPlugin
2026-04-02 10:37:13,306 [INFO] PluginManager:220 - loadIPPluginJar : add tracer_emb
2026-04-02 10:37:13,308 [INFO] IPUIPlugin:80 - create IPUIPlugin
2026-04-02 10:37:13,309 [INFO] PluginManager:220 - loadIPPluginJar : add ts
2026-04-02 10:37:13,311 [INFO] IPUIPlugin:80 - create IPUIPlugin
2026-04-02 10:37:13,311 [INFO] PluginManager:220 - loadIPPluginJar : add tsc
2026-04-02 10:37:13,313 [INFO] IPUIPlugin:80 - create IPUIPlugin
2026-04-02 10:37:13,313 [INFO] PluginManager:220 - loadIPPluginJar : add ucpd
2026-04-02 10:37:13,315 [INFO] IPUIPlugin:80 - create IPUIPlugin
2026-04-02 10:37:13,317 [INFO] PluginManager:220 - loadIPPluginJar : add usart
2026-04-02 10:37:13,320 [INFO] IPUIPlugin:80 - create IPUIPlugin
2026-04-02 10:37:13,320 [INFO] PluginManager:220 - loadIPPluginJar : add usbx
2026-04-02 10:37:13,459 [FATAL] Updater:351 - Updater called before beeing initialized
2026-04-02 10:37:13,518 [INFO] RulesReader:64 - Compatibility file has been processed (317 Rules)
2026-04-02 10:37:13,532 [INFO] RulesReader:64 - Compatibility file has been processed (317 Rules)
2026-04-02 10:37:13,545 [INFO] CADModel:165 - CPN selected for project level
2026-04-02 10:37:13,546 [INFO] CADModel:114 - Register for checkConnection events
2026-04-02 10:37:13,547 [FATAL] Updater:351 - Updater called before beeing initialized
2026-04-02 10:37:13,547 [ERROR] CADModel:125 - Updater not yet initialized, retry later 
2026-04-02 10:37:13,756 [FATAL] Updater:351 - Updater called before beeing initialized
2026-04-02 10:37:13,760 [INFO] CADModel:165 - CPN selected for project level
2026-04-02 10:37:13,760 [INFO] CADModel:114 - Register for checkConnection events
2026-04-02 10:37:13,760 [FATAL] Updater:351 - Updater called before beeing initialized
2026-04-02 10:37:13,760 [ERROR] CADModel:125 - Updater not yet initialized, retry later 
2026-04-02 10:37:13,766 [FATAL] Updater:351 - Updater called before beeing initialized
2026-04-02 10:37:13,958 [FATAL] Updater:351 - Updater called before beeing initialized
2026-04-02 10:37:13,963 [INFO] DbMcusAds:53 - JSON generation date=Thu Mar 05 22:32:52 GMT+08:00 2026 (1772721172890)
2026-04-02 10:37:13,964 [FATAL] Updater:351 - Updater called before beeing initialized
2026-04-02 10:37:14,009 [WARN] DetailPanel:346 - Failed to get advertising image, set to default
2026-04-02 10:37:14,099 [FATAL] Updater:351 - Updater called before beeing initialized
2026-04-02 10:37:14,101 [FATAL] Updater:351 - Updater called before beeing initialized
2026-04-02 10:37:14,101 [FATAL] Updater:351 - Updater called before beeing initialized
2026-04-02 10:37:14,101 [WARN] DetailPanel:346 - Failed to get advertising image, set to default
2026-04-02 10:37:14,102 [FATAL] Updater:351 - Updater called before beeing initialized
2026-04-02 10:37:14,148 [ERROR] Updater:1198 - MainUpdater not yet initialized. External WinMGr cannot be set.
2026-04-02 10:37:14,149 [INFO] Updater:1134 - Updater Version found : 6.15.0
2026-04-02 10:37:14,165 [INFO] ApplicationProperties:184 - Using Application install path: C:\ST\STM32CubeIDE_1.19.0\STM32CubeIDE\plugins\com.st.stm32cube.common.mx_6.15.0.202507011659
2026-04-02 10:37:14,632 [INFO] MainUpdater:2872 - connection check result : 22
2026-04-02 10:37:14,632 [INFO] MainUpdater:289 - Updater Check For Update Now.
2026-04-02 10:37:14,633 [INFO] MicroXplorer:498 - Change Database Version : DB.6.0.150
2026-04-02 10:37:14,662 [INFO] McuFinderGlobals:63 - Set McuFinder mode to 2 (CubeIDE integrated)
2026-04-02 10:37:14,664 [INFO] UserAuth:487 - Internet connection configuration mode: 2
2026-04-02 10:37:14,689 [INFO] UserAuth:487 - Internet connection configuration mode: 2
2026-04-02 10:37:14,877 [INFO] CheckServerUpdateThread:120 - End of CheckServer Thread
2026-04-02 10:37:15,839 [WARN] PackLoader:240 - Cannot read IP mode file for STMicroelectronics.X-CUBE-AZRTOS-H7.3.5.0
2026-04-02 10:37:15,851 [WARN] PackLoader:240 - Cannot read IP mode file for STMicroelectronics.FP-SNS-MOTENVWB1.1.4.0
2026-04-02 10:37:15,860 [WARN] PackLoader:240 - Cannot read IP mode file for STMicroelectronics.FP-ATR-ASTRA1.2.0.2
2026-04-02 10:37:15,870 [WARN] PackLoader:240 - Cannot read IP mode file for STMicroelectronics.X-CUBE-SMBUS.2.1.0
2026-04-02 10:37:15,877 [WARN] PackLoader:240 - Cannot read IP mode file for STMicroelectronics.X-CUBE-ST60.1.0.0
2026-04-02 10:37:15,904 [WARN] PackLoader:240 - Cannot read IP mode file for STMicroelectronics.X-CUBE-AZRTOS-F7.1.1.0
2026-04-02 10:37:15,916 [WARN] PackLoader:240 - Cannot read IP mode file for Cesanta.I-CUBE-Mongoose.7.19.0
2026-04-02 10:37:15,924 [WARN] PackLoader:240 - Cannot read IP mode file for STMicroelectronics.FP-SNS-MOTENV1.5.1.0
2026-04-02 10:37:15,943 [WARN] PackLoader:240 - Cannot read IP mode file for WES.I-CUBE-Cesium.1.4.0
2026-04-02 10:37:15,984 [WARN] PackLoader:240 - Cannot read IP mode file for Infineon.AIROC-Wi-Fi-Bluetooth-STM32.1.7.1
2026-04-02 10:37:16,028 [WARN] PackLoader:240 - Cannot read IP mode file for STMicroelectronics.X-CUBE-AZRTOS-H7.3.4.0
2026-04-02 10:37:16,042 [WARN] PackLoader:240 - Cannot read IP mode file for STMicroelectronics.X-CUBE-DISPLAY.3.0.0
2026-04-02 10:37:16,050 [WARN] PackLoader:240 - Cannot read IP mode file for STMicroelectronics.FP-SNS-MOTENVWB1.1.5.0
2026-04-02 10:37:16,065 [WARN] PackLoader:240 - Cannot read IP mode file for STMicroelectronics.X-CUBE-NFC10.1.0.0
2026-04-02 10:37:16,072 [WARN] PackLoader:240 - Cannot read IP mode file for STMicroelectronics.X-CUBE-ST60.1.1.0
2026-04-02 10:37:16,080 [WARN] PackLoader:240 - Cannot read IP mode file for emotas.I-CUBE-CANOPEN.1.3.0
2026-04-02 10:37:16,088 [WARN] PackLoader:240 - Cannot read IP mode file for STMicroelectronics.X-CUBE-GNSS1.7.1.0
2026-04-02 10:37:16,099 [WARN] PackLoader:240 - Cannot read IP mode file for STMicroelectronics.FP-SNS-STBOX1.2.1.0
2026-04-02 10:37:16,108 [WARN] PackLoader:240 - Cannot read IP mode file for STMicroelectronics.FP-SNS-SMARTAG2.1.2.0
2026-04-02 10:37:16,114 [WARN] PackLoader:240 - Cannot read IP mode file for STMicroelectronics.FP-SNS-FLIGHT1.5.1.0
2026-04-02 10:37:16,129 [INFO] LogOutputStream:77 - [STDOUT_REDIRECT] 1 : Invalid condition id : UX_CORESTACK_Condition cause : null
2026-04-02 10:37:16,131 [INFO] LogOutputStream:77 - [STDOUT_REDIRECT] 1 : Invalid condition id : UX_CORESTACK_Condition cause : null
2026-04-02 10:37:16,133 [INFO] LogOutputStream:77 - [STDOUT_REDIRECT] 1 : Invalid condition id : UX_CORESTACK_Condition cause : null
2026-04-02 10:37:16,137 [INFO] LogOutputStream:77 - [STDOUT_REDIRECT] 1 : Invalid condition id : UX_CORESTACK_Condition cause : null
2026-04-02 10:37:16,139 [INFO] LogOutputStream:77 - [STDOUT_REDIRECT] 1 : Invalid condition id : UX_CORESTACK_Condition cause : null
2026-04-02 10:37:16,142 [WARN] PackLoader:240 - Cannot read IP mode file for STMicroelectronics.X-CUBE-AZRTOS-WL.2.0.0
2026-04-02 10:37:16,149 [WARN] PackLoader:240 - Cannot read IP mode file for STMicroelectronics.FP-SNS-MOTENV1.5.0.0
2026-04-02 10:37:16,171 [WARN] PackLoader:240 - Cannot read IP mode file for STMicroelectronics.X-CUBE-AZRTOS-H7RS.1.2.0
2026-04-02 10:37:16,185 [WARN] PackLoader:240 - Cannot read IP mode file for STMicroelectronics.X-CUBE-BLE2.3.3.0
2026-04-02 10:37:16,230 [WARN] PackLoader:240 - Cannot read IP mode file for STMicroelectronics.X-CUBE-NFC9.1.0.0
2026-04-02 10:37:16,241 [WARN] PackLoader:240 - Cannot read IP mode file for wolfSSL.I-CUBE-wolfSSL.5.8.2
2026-04-02 10:37:16,257 [WARN] PackLoader:240 - Cannot read IP mode file for STMicroelectronics.X-CUBE-BLE1.7.1.0
2026-04-02 10:37:16,407 [WARN] PackLoader:240 - Cannot read IP mode file for wolfSSL.I-CUBE-wolfMQTT.1.19.2
2026-04-02 10:37:16,415 [WARN] PackLoader:240 - Cannot read IP mode file for STMicroelectronics.X-CUBE-FREERTOS.1.4.0
2026-04-02 10:37:16,425 [WARN] PackLoader:240 - Cannot read IP mode file for STMicroelectronics.X-CUBE-EEPRMA1.5.2.0
2026-04-02 10:37:16,435 [WARN] PackLoader:240 - Cannot read IP mode file for STMicroelectronics.X-CUBE-ST67W61.1.1.0
2026-04-02 10:37:16,493 [WARN] PackLoader:240 - Cannot read IP mode file for STMicroelectronics.X-CUBE-MEMS1.12.0.0
2026-04-02 10:37:16,649 [WARN] PackLoader:240 - Cannot read IP mode file for STMicroelectronics.X-CUBE-AZRTOS-G0.1.1.0
2026-04-02 10:37:16,659 [WARN] PackLoader:240 - Cannot read IP mode file for STMicroelectronics.X-CUBE-SAFEA1.1.2.2
2026-04-02 10:37:16,668 [WARN] PackLoader:240 - Cannot read IP mode file for STMicroelectronics.X-CUBE-NFC4.3.0.0
2026-04-02 10:37:16,682 [WARN] PackLoader:240 - Cannot read IP mode file for EmbeddedOffice.I-CUBE-FS-RTOS.1.0.1
2026-04-02 10:37:16,691 [WARN] PackLoader:240 - Cannot read IP mode file for STMicroelectronics.X-CUBE-WB05N.2.0.0
2026-04-02 10:37:16,698 [WARN] PackLoader:240 - Cannot read IP mode file for wolfSSL.I-CUBE-wolfTPM.3.8.0
2026-04-02 10:37:16,707 [WARN] PackLoader:240 - Cannot read IP mode file for STMicroelectronics.X-CUBE-TCPP.4.2.0
2026-04-02 10:37:16,715 [WARN] PackLoader:240 - Cannot read IP mode file for RealThread.X-CUBE-RT-Thread_Nano.4.1.1
2026-04-02 10:37:16,723 [WARN] PackLoader:240 - Cannot read IP mode file for STMicroelectronics.FP-ATR-SIGFOX1.3.2.0
2026-04-02 10:37:16,729 [WARN] PackLoader:240 - Cannot read IP mode file for STMicroelectronics.X-CUBE-FREERTOS.1.5.0
2026-04-02 10:37:16,740 [WARN] PackLoader:240 - Cannot read IP mode file for ITTIA_DB.I-CUBE-ITTIADB.8.9.0
2026-04-02 10:37:16,750 [WARN] PackLoader:240 - Cannot read IP mode file for STMicroelectronics.X-CUBE-NFC6.3.2.0
2026-04-02 10:37:16,766 [WARN] PackLoader:240 - Cannot read IP mode file for STMicroelectronics.X-CUBE-ST67W61.1.0.0
2026-04-02 10:37:16,773 [WARN] PackLoader:240 - Cannot read IP mode file for STMicroelectronics.X-CUBE-AI.10.2.0
2026-04-02 10:37:16,826 [WARN] PackLoader:240 - Cannot read IP mode file for SEGGER.I-CUBE-embOS.1.3.1
2026-04-02 10:37:16,972 [WARN] PackLoader:240 - Cannot read IP mode file for STMicroelectronics.X-CUBE-ALGOBUILD.1.4.0
2026-04-02 10:37:17,037 [WARN] PackLoader:240 - Cannot read IP mode file for STMicroelectronics.X-CUBE-MEMS1.11.3.0
2026-04-02 10:37:17,257 [WARN] PackLoader:240 - Cannot read IP mode file for STMicroelectronics.X-CUBE-PM33A1.1.0.0
2026-04-02 10:37:17,275 [WARN] PackLoader:240 - Cannot read IP mode file for STMicroelectronics.X-CUBE-AZRTOS-F4.1.1.0
2026-04-02 10:37:17,285 [WARN] PackLoader:240 - Cannot read IP mode file for STMicroelectronics.X-CUBE-ISPU.2.1.0
2026-04-02 10:37:17,301 [WARN] PackLoader:240 - Cannot read IP mode file for STMicroelectronics.X-CUBE-IPS.3.2.0
2026-04-02 10:37:17,320 [WARN] PackLoader:240 - Cannot read IP mode file for STMicroelectronics.X-CUBE-NFC12.1.0.0
2026-04-02 10:37:17,342 [WARN] PackLoader:240 - Cannot read IP mode file for STMicroelectronics.X-CUBE-AZRTOS-L5.2.0.0
2026-04-02 10:37:17,356 [WARN] PackLoader:240 - Cannot read IP mode file for STMicroelectronics.X-CUBE-NFC6.3.1.0
2026-04-02 10:37:17,371 [WARN] PackLoader:240 - Cannot read IP mode file for STMicroelectronics.X-CUBE-FREERTOS.1.3.1
2026-04-02 10:37:17,390 [WARN] PackLoader:240 - Cannot read IP mode file for STMicroelectronics.X-CUBE-TOUCHGFX.4.26.0
2026-04-02 10:37:17,394 [WARN] PackLoader:240 - Cannot read IP mode file for STMicroelectronics.X-CUBE-TOUCHGFX.4.26.1
2026-04-02 10:37:17,400 [WARN] PackLoader:240 - Cannot read IP mode file for STMicroelectronics.FP-SNS-STAIOTCFT.1.0.0
2026-04-02 10:37:17,409 [WARN] PackLoader:240 - Cannot read IP mode file for STMicroelectronics.X-CUBE-DPower.1.3.0
2026-04-02 10:37:17,428 [WARN] ConditionMgr:438 - getConditionDescription Invalid condition id : LAN8742 Phy interface Condition cause : null
2026-04-02 10:37:17,428 [WARN] PackLoader:240 - Cannot read IP mode file for STMicroelectronics.X-CUBE-AZRTOS-L4.2.0.0
2026-04-02 10:37:17,431 [WARN] ConditionMgr:1044 - genDependencies : Invalid condition id : LAN8742 Phy interface Condition cause : null
2026-04-02 10:37:17,431 [WARN] ConditionMgr:1044 - genDependencies : Invalid condition id : LAN8742 Phy interface Condition cause : null
2026-04-02 10:37:17,432 [WARN] ConditionMgr:1044 - genDependencies : Invalid condition id : LAN8742 Phy interface Condition cause : null
2026-04-02 10:37:17,441 [WARN] PackLoader:240 - Cannot read IP mode file for STMicroelectronics.X-CUBE-SFXS2LP1.4.0.0
2026-04-02 10:37:17,455 [WARN] PackLoader:240 - Cannot read IP mode file for STMicroelectronics.X-CUBE-ST67W61.1.2.0
2026-04-02 10:37:17,468 [WARN] PackLoader:240 - Cannot read IP mode file for STMicroelectronics.X-CUBE-BLEMGR.4.1.0
2026-04-02 10:37:17,486 [WARN] ConditionMgr:438 - getConditionDescription Invalid condition id : UX DEVICE CLASS RTOS Condition cause : null
2026-04-02 10:37:17,487 [WARN] ConditionMgr:438 - getConditionDescription Invalid condition id : UX DEVICE CLASS RTOS Condition cause : null
2026-04-02 10:37:17,488 [WARN] PackLoader:240 - Cannot read IP mode file for STMicroelectronics.X-CUBE-AZRTOS-WB.2.0.0
2026-04-02 10:37:17,489 [WARN] ConditionMgr:1044 - genDependencies : Invalid condition id : UX DEVICE CLASS RTOS Condition cause : null
2026-04-02 10:37:17,489 [WARN] ConditionMgr:1044 - genDependencies : Invalid condition id : UX DEVICE CLASS RTOS Condition cause : null
2026-04-02 10:37:17,490 [WARN] ConditionMgr:1044 - genDependencies : Invalid condition id : UX DEVICE CLASS RTOS Condition cause : null
2026-04-02 10:37:17,490 [WARN] ConditionMgr:1044 - genDependencies : Invalid condition id : UX DEVICE CLASS RTOS Condition cause : null
2026-04-02 10:37:17,490 [WARN] ConditionMgr:1044 - genDependencies : Invalid condition id : UX DEVICE CLASS RTOS Condition cause : null
2026-04-02 10:37:17,496 [WARN] PackLoader:240 - Cannot read IP mode file for STMicroelectronics.X-CUBE-GNSS1.7.0.1
2026-04-02 10:37:17,501 [WARN] PackLoader:240 - Cannot read IP mode file for STMicroelectronics.X-CUBE-TOUCHGFX.4.25.0
2026-04-02 10:37:17,508 [WARN] ConditionMgr:438 - getConditionDescription Invalid condition id : Cortex-A Device cause : null
2026-04-02 10:37:17,518 [WARN] ConditionMgr:1044 - genDependencies : Invalid condition id : Cortex-A Device cause : null
2026-04-02 10:37:17,518 [WARN] ConditionMgr:1044 - genDependencies : Invalid condition id : Cortex-A Device cause : null
2026-04-02 10:37:17,519 [WARN] ConditionMgr:1044 - genDependencies : Invalid condition id : Cortex-A Device cause : null
2026-04-02 10:37:17,527 [WARN] PackLoader:240 - Cannot read IP mode file for STMicroelectronics.X-CUBE-STSE01.2.0.0
2026-04-02 10:37:17,539 [WARN] PackLoader:240 - Cannot read IP mode file for STMicroelectronics.X-CUBE-SUBG2.5.0.0
2026-04-02 10:37:17,561 [WARN] PackLoader:240 - Cannot read IP mode file for STMicroelectronics.X-CUBE-AZRTOS-H7RS.1.1.0
2026-04-02 10:37:17,579 [WARN] PackLoader:240 - Cannot read IP mode file for STMicroelectronics.X-CUBE-AZRTOS-G4.2.0.0
2026-04-02 10:37:17,586 [WARN] PackLoader:240 - Cannot read IP mode file for wolfSSL.I-CUBE-wolfSSH.1.4.20
2026-04-02 10:37:17,592 [WARN] PackLoader:240 - Cannot read IP mode file for STMicroelectronics.X-CUBE-NFC7.2.0.0
2026-04-02 10:37:17,603 [WARN] PackLoader:240 - Cannot read IP mode file for STMicroelectronics.X-CUBE-IPS.3.1.0
2026-04-02 10:37:17,614 [WARN] PackLoader:240 - Cannot read IP mode file for STMicroelectronics.X-CUBE-ALS.1.0.2
2026-04-02 10:37:17,621 [WARN] PackLoader:240 - Cannot read IP mode file for STMicroelectronics.X-CUBE-STSE01.1.0.0
2026-04-02 10:37:17,633 [WARN] PackLoader:240 - Cannot read IP mode file for STMicroelectronics.X-CUBE-TOF1.3.4.3
2026-04-02 10:37:17,645 [INFO] ThirdParty:978 - Integrity check success = true
2026-04-02 10:37:17,645 [INFO] IntegrityCheckThread:100 - exiting critical section [integrity check]
2026-04-02 10:37:17,646 [INFO] IntegrityCheckThread:103 - End integrity checks thread
2026-04-02 10:55:52,645 [ERROR] ConfigurationRetriever:142 - IOException on connection: Connect timed out
